c:\users\dimka\downloads\nouse\dvd-4berger-2016\nouse-core-c++ 2015 64\nousesettings\release\nousesettings.pch
c:\users\dimka\downloads\nouse\dvd-4berger-2016\nouse-core-c++ 2015 64\nousesettings\release\vc140.pdb
c:\users\dimka\downloads\nouse\dvd-4berger-2016\nouse-core-c++ 2015 64\nousesettings\release\stdafx.obj
c:\users\dimka\downloads\nouse\dvd-4berger-2016\nouse-core-c++ 2015 64\nousesettings\release\visualsettingsdlg.obj
c:\users\dimka\downloads\nouse\dvd-4berger-2016\nouse-core-c++ 2015 64\nousesettings\release\settingstabctrl.obj
c:\users\dimka\downloads\nouse\dvd-4berger-2016\nouse-core-c++ 2015 64\nousesettings\release\settingshandler.obj
c:\users\dimka\downloads\nouse\dvd-4berger-2016\nouse-core-c++ 2015 64\nousesettings\release\nousesettingsdlg.obj
c:\users\dimka\downloads\nouse\dvd-4berger-2016\nouse-core-c++ 2015 64\nousesettings\release\nousesettings.obj
c:\users\dimka\downloads\nouse\dvd-4berger-2016\nouse-core-c++ 2015 64\nousesettings\release\datahandler.obj
c:\users\dimka\downloads\nouse\dvd-4berger-2016\nouse-core-c++ 2015 64\nousesettings\release\controlsettingsdlg.obj
c:\users\dimka\downloads\nouse\dvd-4berger-2016\nouse-core-c++ 2015 64\nousesettings\release\boardsettingsdlg.obj
c:\users\dimka\downloads\nouse\dvd-4berger-2016\nouse-core-c++ 2015 64\nousesettings\release\basicsettingsdlg.obj
c:\users\dimka\downloads\nouse\dvd-4berger-2016\nouse-core-c++ 2015 64\release\nousesettings.exe
c:\users\dimka\downloads\nouse\dvd-4berger-2016\nouse-core-c++ 2015 64\release\nousesettings.ipdb
c:\users\dimka\downloads\nouse\dvd-4berger-2016\nouse-core-c++ 2015 64\release\nousesettings.iobj
c:\users\dimka\downloads\nouse\dvd-4berger-2016\nouse-core-c++ 2015 64\release\nousesettings.pdb
c:\users\dimka\downloads\nouse\dvd-4berger-2016\nouse-core-c++ 2015 64\nousesettings\release\nousesettings.res
c:\users\dimka\downloads\nouse\dvd-4berger-2016\nouse-core-c++ 2015 64\nousesettings\release\nousesettings.tlog\cl.command.1.tlog
c:\users\dimka\downloads\nouse\dvd-4berger-2016\nouse-core-c++ 2015 64\nousesettings\release\nousesettings.tlog\cl.read.1.tlog
c:\users\dimka\downloads\nouse\dvd-4berger-2016\nouse-core-c++ 2015 64\nousesettings\release\nousesettings.tlog\cl.write.1.tlog
c:\users\dimka\downloads\nouse\dvd-4berger-2016\nouse-core-c++ 2015 64\nousesettings\release\nousesettings.tlog\link.command.1.tlog
c:\users\dimka\downloads\nouse\dvd-4berger-2016\nouse-core-c++ 2015 64\nousesettings\release\nousesettings.tlog\link.read.1.tlog
c:\users\dimka\downloads\nouse\dvd-4berger-2016\nouse-core-c++ 2015 64\nousesettings\release\nousesettings.tlog\link.write.1.tlog
c:\users\dimka\downloads\nouse\dvd-4berger-2016\nouse-core-c++ 2015 64\nousesettings\release\nousesettings.tlog\rc.command.1.tlog
c:\users\dimka\downloads\nouse\dvd-4berger-2016\nouse-core-c++ 2015 64\nousesettings\release\nousesettings.tlog\rc.read.1.tlog
c:\users\dimka\downloads\nouse\dvd-4berger-2016\nouse-core-c++ 2015 64\nousesettings\release\nousesettings.tlog\rc.write.1.tlog
